SF:lib\data\models\genre_model.dart
DA:5,4
DA:10,3
DA:11,9
DA:13,4
DA:15,3
DA:16,9
DA:19,2
DA:20,6
LF:8
LH:8
end_of_record
SF:lib\data\models\movie_detail_model.dart
DA:6,3
DA:52,2
DA:53,2
DA:54,2
DA:55,2
DA:56,2
DA:57,2
DA:58,8
DA:60,2
DA:61,2
DA:62,2
DA:63,2
DA:64,2
DA:65,2
DA:66,4
DA:67,2
DA:68,2
DA:69,2
DA:70,2
DA:71,2
DA:72,2
DA:73,2
DA:74,2
DA:75,4
DA:76,2
DA:79,2
DA:80,1
DA:81,1
DA:82,1
DA:83,5
DA:84,1
DA:85,1
DA:86,1
DA:87,1
DA:88,1
DA:89,1
DA:90,1
DA:91,1
DA:92,1
DA:93,1
DA:94,1
DA:95,1
DA:96,1
DA:97,1
DA:98,1
DA:99,1
DA:100,1
DA:103,2
DA:104,2
DA:105,2
DA:106,2
DA:107,10
DA:108,2
DA:109,2
DA:110,2
DA:111,2
DA:112,2
DA:113,2
DA:114,2
DA:115,2
DA:116,2
DA:120,2
DA:121,2
DA:122,2
DA:123,2
DA:124,2
DA:125,2
DA:126,2
DA:127,2
DA:128,2
DA:129,2
DA:130,2
DA:131,2
DA:132,2
DA:133,2
DA:134,2
DA:135,2
DA:136,2
DA:137,2
DA:138,2
DA:139,2
DA:140,2
DA:141,2
DA:142,2
LF:84
LH:84
end_of_record
SF:lib\data\models\movie_table.dart
DA:11,4
DA:18,4
DA:19,2
DA:20,2
DA:21,2
DA:22,2
DA:25,4
DA:26,2
DA:27,2
DA:28,2
DA:29,2
DA:32,4
DA:33,2
DA:34,2
DA:35,2
DA:36,2
DA:39,4
DA:40,2
DA:41,2
DA:42,2
DA:43,2
DA:46,3
DA:47,15
LF:23
LH:23
end_of_record
SF:lib\data\models\tv_series_model.dart
DA:5,2
DA:21,4
DA:22,2
DA:23,2
DA:24,2
DA:25,2
DA:26,4
DA:27,2
DA:30,4
DA:31,2
DA:32,2
DA:33,2
DA:34,2
DA:35,2
DA:36,2
DA:39,1
DA:40,1
DA:41,1
DA:42,1
DA:43,1
DA:44,1
DA:45,1
DA:46,1
DA:51,2
DA:54,2
DA:55,2
DA:56,2
DA:57,4
DA:58,2
LF:29
LH:29
end_of_record
SF:lib\domain\entities\season.dart
DA:4,2
DA:22,2
DA:23,2
DA:24,2
DA:25,2
DA:26,2
DA:27,2
DA:28,2
DA:29,2
DA:30,2
DA:35,2
DA:53,1
DA:54,1
DA:55,1
DA:56,1
DA:57,1
DA:58,1
DA:59,1
DA:60,1
DA:61,1
LF:20
LH:20
end_of_record
SF:lib\domain\entities\tv_series.dart
DA:4,2
DA:20,6
DA:21,6
DA:22,6
DA:23,6
DA:24,6
DA:25,6
DA:26,6
DA:27,6
LF:9
LH:9
end_of_record
SF:lib\common\constants.dart
DA:15,6
DA:19,24
DA:24,3
DA:29,3
DA:36,3
DA:37,1
DA:38,1
DA:39,1
DA:40,1
DA:43,4
LF:10
LH:10
end_of_record
SF:lib\domain\entities\genre.dart
DA:4,8
DA:9,3
DA:10,9
LF:3
LH:3
end_of_record
SF:lib\domain\entities\movie.dart
DA:4,5
DA:20,4
DA:49,6
DA:50,6
DA:51,6
DA:52,6
DA:53,6
DA:54,6
DA:55,6
DA:56,6
DA:57,6
DA:58,6
DA:59,6
DA:60,6
DA:61,6
DA:62,6
DA:63,6
LF:17
LH:17
end_of_record
SF:lib\domain\entities\movie_detail.dart
DA:5,7
DA:33,1
DA:34,1
DA:35,1
DA:36,1
DA:37,1
DA:38,1
DA:39,1
DA:40,1
DA:41,1
DA:42,1
DA:43,1
DA:44,1
DA:45,1
LF:14
LH:14
end_of_record
SF:lib\presentation\pages\about_page.dart
DA:7,1
DA:9,1
DA:10,1
DA:11,1
DA:12,1
DA:13,1
DA:14,1
DA:15,1
DA:17,1
DA:18,1
DA:22,1
DA:23,1
DA:26,1
DA:28,1
DA:35,1
DA:36,1
DA:37,2
DA:38,1
LF:18
LH:18
end_of_record
SF:lib\data\datasources\db\database_helper.dart
DA:9,2
DA:13,4
DA:17,1
DA:19,1
DA:27,1
DA:28,1
DA:29,1
DA:31,1
DA:34,1
DA:35,1
DA:40,1
DA:41,1
DA:49,1
DA:52,0
DA:53,0
DA:56,2
DA:65,1
DA:66,1
DA:67,2
DA:70,1
DA:71,1
DA:72,1
DA:75,2
DA:79,1
DA:80,1
DA:81,1
DA:84,1
DA:87,1
DA:88,1
DA:94,1
DA:95,1
DA:96,1
DA:101,1
DA:102,1
DA:103,2
DA:106,1
DA:107,1
DA:108,3
DA:111,1
DA:112,1
DA:113,1
DA:116,1
DA:118,2
DA:121,1
DA:122,1
DA:123,1
LF:46
LH:44
end_of_record
SF:lib\data\datasources\tv_local_data_source.dart
DA:13,2
DA:16,1
DA:19,2
DA:22,0
DA:26,1
DA:29,2
DA:32,0
DA:36,1
DA:38,2
DA:39,1
DA:42,1
DA:44,2
DA:45,2
LF:13
LH:11
end_of_record
SF:lib\data\models\tv_series_table.dart
DA:5,2
DA:17,2
DA:18,1
DA:19,1
DA:20,1
DA:21,1
DA:24,4
DA:25,2
DA:26,2
DA:27,2
DA:28,2
DA:31,4
DA:32,2
DA:33,2
DA:34,2
DA:35,2
DA:38,2
DA:39,1
DA:40,1
DA:41,1
DA:42,1
LF:21
LH:21
end_of_record
SF:lib\common\exception.dart
DA:6,3
LF:1
LH:1
end_of_record
SF:lib\domain\entities\tv_series_detail.dart
DA:6,1
DA:30,2
DA:31,2
DA:32,2
DA:33,2
DA:34,2
DA:35,2
DA:36,2
DA:37,2
DA:38,2
DA:39,2
DA:40,2
DA:41,2
LF:13
LH:13
end_of_record
SF:lib\data\datasources\movie_local_data_source.dart
DA:15,2
DA:17,1
DA:20,2
DA:23,2
DA:27,1
DA:30,2
DA:33,2
DA:37,1
DA:39,2
DA:41,1
DA:47,1
DA:49,2
DA:50,4
LF:13
LH:13
end_of_record
SF:lib\common\failure.dart
DA:6,12
DA:8,1
DA:9,2
DA:13,20
DA:17,2
DA:21,10
LF:6
LH:6
end_of_record
SF:lib\data\datasources\movie_remote_data_source.dart
DA:24,2
DA:26,1
DA:28,2
DA:29,1
DA:32,2
DA:33,4
DA:35,1
DA:39,1
DA:41,2
DA:42,2
DA:45,2
DA:46,3
DA:48,1
DA:52,1
DA:54,2
DA:55,2
DA:58,2
DA:59,4
DA:61,1
DA:65,1
DA:67,2
DA:68,1
DA:71,2
DA:72,4
DA:74,1
DA:78,1
DA:80,2
DA:81,1
DA:84,2
DA:85,4
DA:87,1
DA:91,1
DA:93,2
DA:94,2
DA:97,2
DA:98,4
DA:100,1
LF:37
LH:37
end_of_record
SF:lib\data\models\movie_model.dart
DA:5,4
DA:35,4
DA:36,2
DA:37,2
DA:38,8
DA:39,2
DA:40,2
DA:41,2
DA:42,4
DA:43,2
DA:44,2
DA:45,2
DA:46,2
DA:47,4
DA:48,2
DA:51,2
DA:52,1
DA:53,1
DA:54,4
DA:55,1
DA:56,1
DA:57,1
DA:58,1
DA:59,1
DA:60,1
DA:61,1
DA:62,1
DA:63,1
DA:64,1
DA:67,2
DA:68,2
DA:69,2
DA:70,2
DA:71,2
DA:72,2
DA:73,2
DA:74,2
DA:75,2
DA:76,2
DA:77,2
DA:78,2
DA:79,2
DA:80,2
DA:81,2
DA:85,2
DA:86,2
DA:87,2
DA:88,2
DA:89,2
DA:90,2
DA:91,2
DA:92,2
DA:93,2
DA:94,2
DA:95,2
DA:96,2
DA:97,2
DA:98,2
DA:99,2
LF:59
LH:59
end_of_record
SF:lib\data\models\movie_response.dart
DA:7,2
DA:9,4
DA:10,2
DA:11,2
DA:12,6
DA:13,6
DA:17,2
DA:18,5
DA:21,1
DA:22,2
LF:10
LH:10
end_of_record
SF:lib\data\network\ssl_pinning_client.dart
DA:8,0
DA:10,2
DA:11,4
DA:12,2
DA:13,6
DA:14,2
DA:15,2
DA:16,2
LF:8
LH:7
end_of_record
SF:lib\data\repositories\movie_repository_impl.dart
DA:17,2
DA:22,1
DA:25,2
DA:26,5
DA:27,1
DA:28,2
DA:29,1
DA:30,2
DA:34,1
DA:37,2
DA:38,2
DA:39,1
DA:40,2
DA:41,1
DA:42,2
DA:46,1
DA:49,2
DA:50,3
DA:51,1
DA:52,2
DA:53,1
DA:54,2
DA:58,1
DA:61,2
DA:62,5
DA:63,1
DA:64,2
DA:65,1
DA:66,2
DA:70,1
DA:73,2
DA:74,5
DA:75,1
DA:76,2
DA:77,1
DA:78,2
DA:82,1
DA:85,2
DA:86,5
DA:87,1
DA:88,2
DA:89,1
DA:90,2
DA:94,1
DA:97,2
DA:98,1
DA:100,1
DA:101,1
DA:102,3
DA:108,1
DA:111,2
DA:112,1
DA:114,1
DA:115,1
DA:116,3
DA:120,1
DA:122,2
DA:126,1
DA:128,2
DA:129,5
LF:60
LH:60
end_of_record
SF:lib\domain\usecases\get_movie_detail.dart
DA:9,3
DA:11,2
DA:12,4
LF:3
LH:3
end_of_record
SF:lib\domain\usecases\get_movie_recommendations.dart
DA:9,3
DA:11,2
DA:12,4
LF:3
LH:3
end_of_record
SF:lib\domain\usecases\get_now_playing_movies.dart
DA:9,4
DA:11,3
DA:12,6
LF:3
LH:3
end_of_record
SF:lib\domain\usecases\get_popular_movies.dart
DA:9,4
DA:11,3
DA:12,6
LF:3
LH:3
end_of_record
SF:lib\domain\usecases\get_top_rated_movies.dart
DA:9,4
DA:11,3
DA:12,6
LF:3
LH:3
end_of_record
SF:lib\domain\usecases\get_watchlist_movies.dart
DA:9,3
DA:11,2
DA:12,4
LF:3
LH:3
end_of_record
SF:lib\domain\usecases\get_watchlist_status.dart
DA:6,3
DA:8,2
DA:9,4
LF:3
LH:3
end_of_record
SF:lib\domain\usecases\remove_watchlist.dart
DA:9,3
DA:11,2
DA:12,4
LF:3
LH:3
end_of_record
SF:lib\domain\usecases\save_watchlist.dart
DA:9,3
DA:11,2
DA:12,4
LF:3
LH:3
end_of_record
SF:lib\domain\usecases\search_movies.dart
DA:9,4
DA:11,3
DA:12,6
LF:3
LH:3
end_of_record
SF:lib\data\datasources\tv_remote_data_source.dart
DA:20,2
DA:26,1
DA:30,1
DA:31,1
DA:32,4
DA:33,2
DA:34,3
DA:35,2
DA:38,1
DA:41,3
DA:43,1
DA:44,1
DA:46,1
DA:47,1
DA:49,1
DA:50,1
DA:52,1
DA:54,3
DA:56,1
DA:58,2
DA:60,1
DA:62,2
DA:64,1
DA:66,3
LF:24
LH:24
end_of_record
SF:lib\injection.dart
DA:33,6
DA:35,1
DA:36,2
DA:37,2
DA:38,2
DA:39,2
DA:40,2
DA:43,2
DA:44,2
DA:45,2
DA:46,2
DA:47,2
DA:48,2
DA:49,2
DA:52,6
DA:53,6
DA:55,2
DA:56,2
DA:57,2
DA:58,2
DA:59,2
DA:62,2
DA:63,2
DA:64,2
DA:65,2
DA:66,2
DA:67,2
DA:68,2
DA:71,6
DA:72,6
DA:75,6
DA:76,6
DA:77,6
DA:78,6
DA:79,6
DA:80,6
DA:81,6
DA:82,6
DA:83,6
DA:84,6
DA:85,6
DA:86,6
DA:87,6
DA:88,6
DA:89,6
DA:90,6
DA:91,2
DA:92,6
DA:93,6
DA:94,6
DA:95,6
DA:98,2
DA:99,2
DA:100,2
DA:101,2
DA:104,2
DA:105,2
DA:106,2
DA:107,2
DA:112,2
DA:113,4
DA:115,2
DA:116,4
DA:118,2
DA:119,4
DA:121,2
DA:122,4
DA:126,4
DA:129,1
DA:130,3
LF:70
LH:70
end_of_record
SF:lib\presentation\bloc\movie_detail\movie_detail_bloc.dart
DA:14,3
DA:15,1
DA:16,1
DA:20,3
DA:22,1
DA:23,2
DA:27,2
DA:31,2
DA:39,5
DA:55,3
DA:63,3
DA:64,2
DA:65,2
DA:66,3
DA:67,3
DA:68,2
DA:69,2
DA:70,1
DA:72,2
DA:73,2
DA:74,2
DA:75,2
DA:76,2
DA:77,2
DA:78,2
DA:79,2
DA:80,2
DA:85,2
DA:96,2
DA:97,4
DA:98,4
DA:99,4
DA:106,1
DA:110,1
DA:116,3
DA:117,3
DA:119,1
DA:120,1
DA:122,3
DA:127,1
DA:128,1
DA:132,3
DA:135,3
DA:136,1
DA:137,2
DA:138,2
DA:140,1
DA:143,2
DA:144,2
DA:152,1
DA:155,3
DA:156,1
DA:159,3
DA:160,1
DA:164,2
DA:166,1
DA:167,1
DA:168,2
DA:169,1
DA:170,2
DA:171,1
DA:173,3
LF:62
LH:62
end_of_record
SF:lib\presentation\bloc\movie_list\movie_list_bloc.dart
DA:9,2
DA:11,1
DA:12,1
DA:16,2
DA:20,2
DA:24,1
DA:25,2
DA:33,5
DA:43,3
DA:44,12
DA:48,7
DA:52,5
DA:53,10
DA:55,2
DA:58,8
DA:60,3
DA:61,6
DA:65,3
DA:72,3
DA:73,6
DA:74,6
DA:77,1
DA:81,1
DA:82,2
DA:83,1
DA:87,2
DA:94,2
DA:98,4
DA:99,2
DA:100,4
DA:107,4
DA:108,2
DA:109,2
DA:110,2
DA:114,2
DA:119,6
DA:120,6
DA:121,6
DA:123,2
DA:124,2
DA:125,2
DA:127,1
DA:129,1
DA:133,4
DA:134,4
DA:136,2
LF:46
LH:46
end_of_record
SF:lib\presentation\bloc\movie_search\movie_search_bloc.dart
DA:9,3
DA:11,0
DA:12,0
DA:16,2
DA:20,1
DA:21,2
DA:25,2
DA:29,0
DA:30,0
DA:36,6
DA:46,3
DA:47,12
DA:51,6
DA:52,6
DA:53,6
DA:59,2
DA:63,2
DA:64,4
DA:65,2
DA:66,1
DA:69,4
DA:71,6
DA:75,2
DA:79,2
DA:80,6
DA:81,2
DA:82,2
DA:83,1
DA:85,1
DA:88,4
DA:89,2
DA:94,2
DA:96,4
DA:97,2
LF:34
LH:30
end_of_record
SF:lib\presentation\bloc\movie_watchlist\movie_watchlist_bloc.dart
DA:7,1
DA:8,1
DA:9,1
DA:13,1
DA:19,6
DA:27,2
DA:28,8
DA:33,4
DA:34,4
DA:38,1
DA:42,1
DA:43,2
DA:44,1
DA:45,2
DA:46,1
DA:48,1
DA:51,2
DA:52,1
LF:18
LH:18
end_of_record
SF:lib\presentation\bloc\tv_detail\tv_detail_bloc.dart
DA:8,2
DA:10,1
DA:11,1
DA:15,2
DA:19,1
DA:20,2
DA:24,1
DA:28,1
DA:36,6
DA:52,3
DA:59,3
DA:60,2
DA:61,2
DA:62,3
DA:63,3
DA:64,2
DA:65,2
DA:68,3
DA:69,3
DA:70,3
DA:71,3
DA:72,3
DA:73,3
DA:74,3
DA:75,3
DA:80,3
DA:91,3
DA:92,6
DA:93,6
DA:94,6
DA:103,2
DA:107,2
DA:113,6
DA:114,6
DA:116,2
DA:117,2
DA:119,6
DA:125,6
DA:126,2
DA:127,2
DA:135,6
DA:136,2
DA:137,2
DA:138,2
DA:140,1
DA:143,4
DA:144,4
DA:152,2
DA:156,4
DA:158,4
DA:159,4
DA:160,6
DA:161,6
DA:164,2
DA:168,4
DA:170,4
DA:171,4
DA:172,6
DA:173,6
LF:59
LH:59
end_of_record
SF:lib\presentation\bloc\tv_list\tv_list_bloc.dart
DA:10,2
DA:12,1
DA:13,1
DA:17,1
DA:21,2
DA:25,1
DA:26,2
DA:32,6
DA:42,3
DA:43,12
DA:47,6
DA:51,3
DA:52,6
DA:54,2
DA:55,8
DA:57,3
DA:58,6
DA:62,3
DA:66,3
DA:67,6
DA:68,6
DA:75,2
DA:79,2
DA:80,4
DA:81,2
DA:86,2
DA:88,4
DA:89,2
DA:93,2
DA:96,4
DA:98,2
DA:99,2
DA:100,4
DA:106,6
DA:107,6
DA:108,6
DA:110,2
DA:111,2
DA:112,2
DA:114,1
DA:116,1
DA:120,4
DA:121,4
DA:123,2
LF:44
LH:44
end_of_record
SF:lib\presentation\bloc\tv_search\tv_search_bloc.dart
DA:9,3
DA:11,0
DA:12,0
DA:16,2
DA:20,1
DA:21,2
DA:25,2
DA:29,0
DA:30,0
DA:36,6
DA:46,3
DA:47,12
DA:51,6
DA:52,6
DA:53,6
DA:59,2
DA:63,2
DA:64,4
DA:65,2
DA:66,1
DA:69,4
DA:71,6
DA:75,2
DA:79,2
DA:80,6
DA:81,2
DA:82,2
DA:83,2
DA:85,2
DA:86,4
DA:90,2
DA:92,4
DA:93,2
LF:33
LH:29
end_of_record
SF:lib\presentation\bloc\tv_watchlist\tv_watchlist_bloc.dart
DA:7,1
DA:9,1
DA:10,1
DA:14,1
DA:20,6
DA:30,3
DA:34,3
DA:35,0
DA:36,3
DA:37,2
DA:40,3
DA:41,12
DA:45,6
DA:46,6
DA:51,2
DA:55,6
DA:56,4
DA:57,2
DA:58,2
DA:59,2
DA:61,1
DA:64,4
DA:65,4
LF:23
LH:22
end_of_record
SF:lib\data\models\tv_series_detail_model.dart
DA:6,1
DA:30,1
DA:31,1
DA:32,1
DA:33,1
DA:34,1
DA:35,1
DA:36,1
DA:37,2
DA:38,1
DA:39,3
DA:40,1
DA:41,1
DA:42,3
DA:43,1
DA:44,1
DA:45,1
DA:48,2
DA:49,1
DA:50,1
DA:51,1
DA:52,1
DA:53,1
DA:54,1
DA:55,5
DA:56,1
DA:57,1
DA:58,1
DA:61,2
DA:62,1
DA:63,1
DA:64,1
DA:65,1
DA:66,1
DA:67,1
DA:72,2
DA:73,1
DA:74,1
DA:75,1
DA:76,2
DA:77,1
DA:78,1
DA:79,1
DA:80,3
DA:81,1
DA:84,2
DA:85,1
DA:86,1
DA:87,1
DA:88,1
DA:89,1
DA:90,2
DA:91,1
LF:53
LH:53
end_of_record
SF:lib\data\repositories\tv_repository_impl.dart
DA:16,2
DA:23,1
DA:25,2
DA:26,1
DA:27,2
DA:28,0
DA:29,0
DA:33,1
DA:35,1
DA:36,6
DA:39,1
DA:41,3
DA:43,1
DA:45,3
DA:47,1
DA:49,3
DA:51,1
DA:53,5
DA:55,1
DA:57,4
DA:59,1
DA:61,4
DA:63,1
DA:65,4
DA:67,1
DA:70,1
DA:71,3
DA:73,1
DA:74,3
DA:78,1
DA:81,1
DA:82,3
DA:84,1
DA:85,3
DA:89,1
DA:91,2
DA:93,1
DA:96,2
DA:97,5
DA:98,1
DA:99,3
LF:41
LH:39
end_of_record
SF:lib\domain\usecases\tv_use_cases.dart
DA:9,4
DA:11,9
DA:15,4
DA:17,9
DA:21,4
DA:23,9
DA:27,4
DA:29,3
DA:30,6
DA:34,4
DA:36,3
DA:37,6
DA:41,4
DA:43,3
DA:44,6
DA:48,2
DA:50,2
DA:51,4
DA:55,4
DA:57,3
DA:58,6
DA:62,4
DA:64,3
DA:65,6
DA:69,4
DA:71,9
DA:75,4
DA:77,2
DA:78,4
LF:29
LH:29
end_of_record
SF:lib\presentation\pages\home_movie_page.dart
DA:16,2
DA:17,2
DA:21,2
DA:23,2
DA:24,6
DA:27,2
DA:29,2
DA:30,2
DA:31,2
DA:32,2
DA:33,2
DA:34,2
DA:35,2
DA:36,2
DA:38,2
DA:39,2
DA:40,4
DA:42,2
DA:43,2
DA:44,2
DA:45,0
DA:46,0
DA:49,2
DA:50,2
DA:51,2
DA:52,1
DA:53,1
DA:54,1
DA:57,2
DA:58,2
DA:59,2
DA:60,1
DA:61,1
DA:64,2
DA:65,1
DA:66,1
DA:68,2
DA:69,2
DA:74,2
DA:75,2
DA:76,2
DA:77,2
DA:79,1
DA:80,1
DA:82,2
DA:86,2
DA:88,2
DA:89,2
DA:91,2
DA:92,4
DA:93,2
DA:94,2
DA:96,1
DA:97,1
DA:99,2
DA:100,2
DA:102,1
DA:103,1
DA:105,2
DA:113,2
DA:114,2
DA:116,2
DA:117,4
DA:118,2
DA:120,2
DA:122,2
DA:123,6
DA:133,2
DA:137,2
DA:139,2
DA:140,1
DA:141,5
DA:142,2
DA:143,4
DA:144,2
DA:145,2
DA:148,4
DA:149,4
DA:159,1
DA:161,1
DA:163,1
DA:165,1
DA:167,1
DA:168,2
DA:169,1
DA:171,1
DA:172,1
DA:173,1
DA:176,1
DA:179,1
DA:180,2
DA:181,1
DA:182,2
DA:183,1
DA:184,2
DA:185,0
DA:191,2
LF:97
LH:94
end_of_record
SF:lib\common\utils.dart
DA:3,6
LF:1
LH:1
end_of_record
SF:lib\presentation\pages\movie_detail_page.dart
DA:15,1
DA:17,1
DA:18,1
DA:22,1
DA:24,1
DA:25,6
DA:28,1
DA:30,1
DA:31,1
DA:32,3
DA:33,2
DA:34,1
DA:35,2
DA:36,2
DA:37,1
DA:39,4
DA:41,1
DA:43,4
DA:47,1
DA:48,1
DA:49,1
DA:50,2
DA:51,2
DA:52,2
DA:53,1
DA:54,1
DA:55,1
DA:56,1
DA:57,1
DA:58,1
DA:62,2
DA:77,1
DA:84,1
DA:86,3
DA:87,1
DA:88,1
DA:89,1
DA:90,3
DA:92,1
DA:93,2
DA:94,0
DA:96,1
DA:98,1
DA:99,1
DA:100,1
DA:101,1
DA:103,2
DA:106,1
DA:107,1
DA:108,1
DA:110,1
DA:112,1
DA:114,1
DA:115,4
DA:116,1
DA:117,1
DA:118,1
DA:119,2
DA:123,2
DA:128,1
DA:130,1
DA:131,1
DA:132,1
DA:133,1
DA:134,1
DA:138,4
DA:139,4
DA:140,1
DA:141,1
DA:142,1
DA:143,3
DA:145,1
DA:146,1
DA:149,4
DA:152,1
DA:153,2
DA:154,3
DA:155,1
DA:156,2
DA:157,1
DA:158,1
DA:159,2
DA:161,0
DA:162,0
DA:164,2
DA:166,1
DA:168,1
DA:169,1
DA:170,1
DA:172,2
DA:174,1
DA:176,1
DA:178,1
DA:179,2
DA:180,1
DA:182,1
DA:183,0
DA:184,0
DA:187,0
DA:190,1
DA:191,1
DA:192,1
DA:194,1
DA:196,2
DA:197,1
DA:198,1
DA:200,1
DA:203,0
DA:204,0
DA:210,2
DA:214,0
DA:222,1
DA:224,1
DA:239,1
DA:241,1
DA:244,1
DA:245,1
DA:246,0
DA:247,0
DA:256,1
DA:258,2
DA:259,3
DA:262,1
DA:266,3
DA:269,1
DA:270,1
DA:271,1
DA:273,1
DA:274,1
DA:276,1
LF:130
LH:119
end_of_record
SF:lib\presentation\pages\popular_movies_page.dart
DA:9,1
DA:10,1
DA:14,1
DA:16,1
DA:17,3
DA:22,1
DA:24,1
DA:25,2
DA:26,1
DA:28,1
DA:29,0
DA:30,0
DA:31,0
DA:32,1
DA:33,1
DA:34,1
DA:35,1
DA:38,2
DA:39,0
DA:40,0
DA:41,0
DA:43,2
DA:45,2
DA:47,2
LF:24
LH:18
end_of_record
SF:lib\presentation\pages\search_page.dart
DA:10,1
DA:12,1
DA:13,2
DA:14,1
DA:16,1
DA:18,1
DA:19,1
DA:21,3
DA:22,1
DA:24,1
DA:26,1
DA:27,1
DA:31,1
DA:32,2
DA:33,1
DA:34,2
DA:35,1
DA:38,2
DA:39,1
DA:41,1
DA:42,2
DA:43,1
DA:45,2
DA:48,1
DA:49,0
LF:25
LH:24
end_of_record
SF:lib\presentation\pages\top_rated_movies_page.dart
DA:9,1
DA:10,1
DA:14,1
DA:16,1
DA:17,3
DA:22,1
DA:24,1
DA:25,2
DA:26,1
DA:28,1
DA:29,0
DA:30,0
DA:31,0
DA:32,1
DA:33,1
DA:34,1
DA:35,1
DA:38,2
DA:39,0
DA:40,0
DA:41,0
DA:43,2
DA:45,2
DA:47,2
LF:24
LH:18
end_of_record
SF:lib\presentation\pages\watchlist_movies_page.dart
DA:10,1
DA:11,1
DA:16,1
DA:18,1
DA:19,3
DA:22,1
DA:24,1
DA:25,4
DA:28,0
DA:29,0
DA:32,1
DA:34,1
DA:35,2
DA:36,1
DA:38,1
DA:39,2
DA:40,1
DA:43,2
DA:44,1
DA:45,2
DA:46,1
DA:48,2
DA:50,2
DA:52,2
DA:61,1
DA:63,2
DA:64,1
LF:27
LH:25
end_of_record
SF:lib\presentation\pages\home_tv_page.dart
DA:11,0
DA:14,2
DA:15,2
DA:19,2
DA:21,2
DA:22,6
DA:25,2
DA:26,2
DA:27,2
DA:29,2
DA:30,2
DA:33,2
DA:35,2
DA:38,1
DA:39,1
DA:43,2
DA:44,0
DA:45,0
DA:46,0
DA:47,0
DA:48,0
DA:49,0
DA:50,0
DA:54,2
DA:57,6
DA:58,2
DA:65,2
DA:68,4
DA:69,2
DA:70,2
DA:71,2
DA:74,2
DA:76,2
DA:77,1
DA:78,5
DA:79,2
DA:80,4
DA:81,2
DA:83,2
DA:84,2
DA:86,2
DA:87,6
DA:88,2
DA:89,2
DA:92,1
DA:103,4
DA:104,1
DA:108,4
DA:109,1
DA:111,3
DA:113,4
DA:114,4
DA:115,1
DA:120,4
LF:54
LH:46
end_of_record
SF:lib\presentation\pages\search_tv_page.dart
DA:7,0
DA:10,1
DA:12,1
DA:13,1
DA:14,1
DA:15,1
DA:16,1
DA:18,1
DA:20,1
DA:21,3
DA:30,1
DA:31,1
DA:32,2
DA:33,1
DA:36,1
DA:37,3
DA:39,2
DA:40,1
LF:18
LH:17
end_of_record
SF:lib\presentation\pages\tv_category_page.dart
DA:7,0
DA:11,1
DA:12,1
DA:16,1
DA:18,1
DA:19,6
DA:22,3
DA:23,1
DA:24,1
DA:25,0
DA:28,1
DA:30,1
DA:31,3
DA:32,1
DA:33,1
DA:34,3
DA:35,1
DA:36,1
DA:39,1
DA:40,3
DA:42,2
DA:43,1
LF:22
LH:20
end_of_record
SF:lib\presentation\pages\watchlist_tv_page.dart
DA:8,0
DA:11,1
DA:12,1
DA:16,1
DA:18,1
DA:19,3
DA:22,1
DA:24,1
DA:25,2
DA:26,2
DA:29,1
DA:31,3
DA:34,1
DA:36,2
DA:37,1
DA:40,1
DA:42,1
DA:43,1
DA:44,1
DA:45,2
DA:46,1
DA:49,1
DA:50,3
DA:53,0
DA:54,1
LF:25
LH:23
end_of_record
SF:lib\presentation\widgets\tv_card_list.dart
DA:8,3
DA:11,4
DA:12,4
DA:14,4
DA:16,8
DA:17,3
DA:18,6
DA:19,3
DA:21,3
DA:22,2
DA:25,1
DA:27,3
DA:28,3
DA:29,6
DA:39,2
DA:42,3
DA:43,3
DA:44,6
DA:45,3
DA:46,6
DA:47,3
DA:48,2
DA:51,1
DA:53,3
DA:55,3
DA:56,3
DA:57,3
DA:58,3
DA:59,6
DA:61,3
DA:62,3
DA:64,3
DA:66,3
DA:67,3
DA:68,3
DA:69,9
DA:72,3
DA:73,6
DA:75,3
DA:92,4
DA:97,4
DA:99,6
DA:100,4
DA:101,4
DA:102,4
DA:103,4
DA:107,1
DA:108,2
DA:109,1
DA:110,1
DA:112,2
DA:113,1
DA:114,1
DA:117,0
DA:118,0
DA:119,0
LF:56
LH:53
end_of_record
SF:lib\presentation\widgets\movie_card_list.dart
DA:10,3
DA:12,3
DA:14,3
DA:16,3
DA:17,1
DA:18,1
DA:21,2
DA:24,3
DA:26,3
DA:27,3
DA:28,3
DA:34,3
DA:36,3
DA:37,3
DA:38,6
DA:41,3
DA:43,3
DA:44,3
DA:45,6
DA:53,3
DA:55,3
DA:56,3
DA:57,9
DA:59,3
DA:60,6
DA:61,0
DA:63,6
LF:27
LH:26
end_of_record
SF:lib\presentation\pages\season_detail_page.dart
DA:9,0
DA:16,0
DA:20,1
DA:21,1
DA:25,2
DA:27,1
DA:28,3
DA:29,3
DA:30,3
DA:32,1
DA:33,3
DA:34,1
DA:38,1
DA:39,1
DA:40,5
DA:41,1
DA:42,1
DA:43,1
DA:44,2
DA:47,1
DA:48,4
DA:50,1
DA:51,1
DA:53,2
DA:54,1
DA:55,2
DA:56,1
DA:58,1
DA:60,1
DA:61,1
DA:62,1
DA:63,2
DA:68,1
DA:70,1
DA:72,1
DA:73,1
DA:74,3
DA:75,3
DA:78,1
DA:79,4
DA:82,1
DA:83,2
DA:85,1
LF:43
LH:41
end_of_record
SF:lib\presentation\pages\tv_detail_page.dart
DA:12,0
DA:16,1
DA:17,1
DA:21,1
DA:23,1
DA:24,6
DA:27,1
DA:29,1
DA:30,1
DA:31,5
DA:32,2
DA:34,4
DA:35,1
DA:36,1
DA:37,2
DA:38,1
DA:41,4
DA:42,2
DA:43,1
DA:55,1
DA:59,1
DA:60,1
DA:61,1
DA:62,1
DA:65,1
DA:66,2
DA:68,0
DA:69,0
DA:74,1
DA:76,1
DA:77,1
DA:78,6
DA:80,1
DA:82,1
DA:83,2
DA:84,2
DA:86,2
DA:89,3
DA:93,7
DA:94,1
DA:95,5
DA:97,1
DA:98,1
DA:99,1
DA:100,3
DA:103,1
DA:107,4
DA:111,4
DA:113,1
DA:114,3
DA:116,2
DA:119,1
DA:121,3
DA:123,3
DA:124,2
DA:126,2
DA:127,3
DA:129,0
DA:132,0
DA:133,0
DA:134,0
DA:135,0
DA:140,1
DA:141,1
DA:143,3
DA:145,3
DA:146,0
DA:150,3
DA:151,1
DA:156,3
LF:70
LH:61
end_of_record
